[2017-11-08 00:57:06 +0000] [9729] [INFO] Starting gunicorn 19.7.1
[2017-11-08 00:57:06 +0000] [9729] [ERROR] Retrying in 1 second.
[2017-11-08 00:57:07 +0000] [9729] [ERROR] Retrying in 1 second.
[2017-11-08 00:57:08 +0000] [9729] [ERROR] Retrying in 1 second.
[2017-11-08 00:57:09 +0000] [9729] [ERROR] Retrying in 1 second.
[2017-11-08 00:57:10 +0000] [9729] [ERROR] Retrying in 1 second.
[2017-11-08 00:57:11 +0000] [9729] [ERROR] Can't connect to ('0.0.0.0', 80)
[2017-11-08 00:57:17 +0000] [9736] [INFO] Starting gunicorn 19.7.1
[2017-11-08 00:57:17 +0000] [9736] [INFO] Listening at: http://0.0.0.0:80 (9736)
[2017-11-08 00:57:17 +0000] [9736] [INFO] Using worker: gevent
[2017-11-08 00:57:17 +0000] [9739] [INFO] Booting worker with pid: 9739
[2017-11-08 00:57:17 +0000] [9740] [INFO] Booting worker with pid: 9740
[2017-11-08 00:57:17 +0000] [9741] [INFO] Booting worker with pid: 9741
[2017-11-08 00:57:17 +0000] [9742] [INFO] Booting worker with pid: 9742
[2017-11-08 00:57:18 +0000] [9743] [INFO] Booting worker with pid: 9743
[2017-11-08 00:57:18 +0000] [9744] [INFO] Booting worker with pid: 9744
[2017-11-08 00:57:18 +0000] [9745] [INFO] Booting worker with pid: 9745
[2017-11-08 00:57:18 +0000] [9746] [INFO] Booting worker with pid: 9746
[2017-11-08 01:05:41 +0000] [9736] [INFO] Handling signal: int
[2017-11-08 01:05:41 +0000] [9742] [INFO] Worker exiting (pid: 9742)
[2017-11-08 01:05:41 +0000] [9743] [INFO] Worker exiting (pid: 9743)
[2017-11-08 01:05:41 +0000] [9741] [INFO] Worker exiting (pid: 9741)
[2017-11-08 01:05:41 +0000] [9740] [INFO] Worker exiting (pid: 9740)
[2017-11-08 01:05:41 +0000] [9744] [INFO] Worker exiting (pid: 9744)
[2017-11-08 01:05:41 +0000] [9745] [INFO] Worker exiting (pid: 9745)
[2017-11-08 01:05:41 +0000] [9746] [INFO] Worker exiting (pid: 9746)
[2017-11-08 01:05:41 +0000] [9739] [INFO] Worker exiting (pid: 9739)
[2017-11-08 01:05:42 +0000] [9736] [INFO] Shutting down: Master
